2025-05-27 00:09:02 [main] INFO  by.rublevskaya.Main - Starting Main using Java 21.0.6 with PID 67085 (/Users/katusarublevsk/Desktop/JAVA/pet_project/pet_project/target/classes started by katusarublevsk in /Users/katusarublevsk/Desktop/JAVA/pet_project/pet_project)
2025-05-27 00:09:02 [main] DEBUG by.rublevskaya.Main - Running with Spring Boot v3.1.3, Spring v6.0.11
2025-05-27 00:09:02 [main] INFO  by.rublevskaya.Main - No active profile set, falling back to 1 default profile: "default"
2025-05-27 00:09:02 [main] INFO  o.s.d.r.c.RepositoryConfigurationDelegate - Bootstrapping Spring Data JPA repositories in DEFAULT mode.
2025-05-27 00:09:02 [main] INFO  o.s.d.r.c.RepositoryConfigurationDelegate - Finished Spring Data repository scanning in 31 ms. Found 8 JPA repository interfaces.
2025-05-27 00:09:02 [main] INFO  o.s.b.w.e.tomcat.TomcatWebServer - Tomcat initialized with port(s): 8080 (http)
2025-05-27 00:09:02 [main] INFO  o.a.catalina.core.StandardService - Starting service [Tomcat]
2025-05-27 00:09:02 [main] INFO  o.a.catalina.core.StandardEngine - Starting Servlet engine: [Apache Tomcat/10.1.12]
2025-05-27 00:09:02 [main] INFO  o.a.c.c.C.[Tomcat].[localhost].[/] - Initializing Spring embedded WebApplicationContext
2025-05-27 00:09:02 [main] INFO  o.s.b.w.s.c.ServletWebServerApplicationContext - Root WebApplicationContext: initialization completed in 581 ms
2025-05-27 00:09:03 [main] INFO  o.h.jpa.internal.util.LogHelper - HHH000204: Processing PersistenceUnitInfo [name: default]
2025-05-27 00:09:03 [main] INFO  org.hibernate.Version - HHH000412: Hibernate ORM core version 6.2.7.Final
2025-05-27 00:09:03 [main] INFO  org.hibernate.cfg.Environment - HHH000406: Using bytecode reflection optimizer
2025-05-27 00:09:03 [main] INFO  o.h.b.i.BytecodeProviderInitiator - HHH000021: Bytecode provider name : bytebuddy
2025-05-27 00:09:03 [main] INFO  o.s.o.j.p.SpringPersistenceUnitInfo - No LoadTimeWeaver setup: ignoring JPA class transformer
2025-05-27 00:09:03 [main] INFO  com.zaxxer.hikari.HikariDataSource - HikariPool-1 - Starting...
2025-05-27 00:09:03 [main] INFO  com.zaxxer.hikari.pool.HikariPool - HikariPool-1 - Added connection org.postgresql.jdbc.PgConnection@5873f3f0
2025-05-27 00:09:03 [main] INFO  com.zaxxer.hikari.HikariDataSource - HikariPool-1 - Start completed.
2025-05-27 00:09:03 [main] INFO  o.h.b.i.BytecodeProviderInitiator - HHH000021: Bytecode provider name : bytebuddy
2025-05-27 00:09:03 [main] INFO  o.h.e.t.j.p.i.JtaPlatformInitiator - HHH000490: Using JtaPlatform implementation: [org.hibernate.engine.transaction.jta.platform.internal.NoJtaPlatform]
2025-05-27 00:09:03 [main] DEBUG org.hibernate.SQL - 
    alter table if exists medical_assistant.appointments 
       alter column created_at set data type timestamp(6)
2025-05-27 00:09:03 [main] DEBUG org.hibernate.SQL - 
    alter table if exists medical_assistant.appointments 
       alter column date_time set data type timestamp(6)
2025-05-27 00:09:03 [main] DEBUG org.hibernate.SQL - 
    alter table if exists medical_assistant.appointments 
       alter column updated_at set data type timestamp(6)
2025-05-27 00:09:03 [main] DEBUG org.hibernate.SQL - 
    alter table if exists medical_assistant.clinics 
       alter column created_at set data type timestamp(6)
2025-05-27 00:09:03 [main] DEBUG org.hibernate.SQL - 
    alter table if exists medical_assistant.clinics 
       alter column updated_at set data type timestamp(6)
2025-05-27 00:09:03 [main] DEBUG org.hibernate.SQL - 
    alter table if exists medical_assistant.doctors 
       alter column created_at set data type timestamp(6)
2025-05-27 00:09:03 [main] DEBUG org.hibernate.SQL - 
    alter table if exists medical_assistant.doctors 
       alter column updated_at set data type timestamp(6)
2025-05-27 00:09:03 [main] DEBUG org.hibernate.SQL - 
    alter table if exists medical_assistant.health_metrics 
       alter column blood_sugar set data type float(53)
2025-05-27 00:09:03 [main] DEBUG org.hibernate.SQL - 
    alter table if exists medical_assistant.health_metrics 
       alter column created_at set data type timestamp(6)
2025-05-27 00:09:03 [main] DEBUG org.hibernate.SQL - 
    alter table if exists medical_assistant.health_metrics 
       alter column temperature set data type float(53)
2025-05-27 00:09:03 [main] DEBUG org.hibernate.SQL - 
    alter table if exists medical_assistant.health_metrics 
       alter column timestamp set data type timestamp(6)
2025-05-27 00:09:03 [main] DEBUG org.hibernate.SQL - 
    alter table if exists medical_assistant.health_metrics 
       alter column updated_at set data type timestamp(6)
2025-05-27 00:09:03 [main] DEBUG org.hibernate.SQL - 
    alter table if exists medical_assistant.medical_records 
       alter column created_at set data type timestamp(6)
2025-05-27 00:09:03 [main] DEBUG org.hibernate.SQL - 
    alter table if exists medical_assistant.medical_records 
       alter column updated_at set data type timestamp(6)
2025-05-27 00:09:03 [main] DEBUG org.hibernate.SQL - 
    alter table if exists medical_assistant.medications 
       alter column created_at set data type timestamp(6)
2025-05-27 00:09:03 [main] DEBUG org.hibernate.SQL - 
    alter table if exists medical_assistant.medications 
       alter column end_date set data type timestamp(6)
2025-05-27 00:09:03 [main] DEBUG org.hibernate.SQL - 
    alter table if exists medical_assistant.medications 
       alter column start_date set data type timestamp(6)
2025-05-27 00:09:03 [main] DEBUG org.hibernate.SQL - 
    alter table if exists medical_assistant.medications 
       alter column updated_at set data type timestamp(6)
2025-05-27 00:09:03 [main] DEBUG org.hibernate.SQL - 
    alter table if exists medical_assistant.security 
       alter column created set data type timestamp(6)
2025-05-27 00:09:03 [main] DEBUG org.hibernate.SQL - 
    alter table if exists medical_assistant.security 
       alter column updated set data type timestamp(6)
2025-05-27 00:09:03 [main] DEBUG org.hibernate.SQL - 
    alter table if exists medical_assistant.users 
       alter column created_at set data type timestamp(6)
2025-05-27 00:09:03 [main] DEBUG org.hibernate.SQL - 
    alter table if exists medical_assistant.users 
       alter column updated_at set data type timestamp(6)
2025-05-27 00:09:03 [main] INFO  o.s.o.j.LocalContainerEntityManagerFactoryBean - Initialized JPA EntityManagerFactory for persistence unit 'default'
2025-05-27 00:09:04 [main] WARN  o.s.b.a.o.j.JpaBaseConfiguration$JpaWebConfiguration - spring.jpa.open-in-view is enabled by default. Therefore, database queries may be performed during view rendering. Explicitly configure spring.jpa.open-in-view to disable this warning
2025-05-27 00:09:04 [main] INFO  o.s.b.w.e.tomcat.TomcatWebServer - Tomcat started on port(s): 8080 (http) with context path ''
2025-05-27 00:09:04 [main] INFO  by.rublevskaya.Main - Started Main in 2.016 seconds (process running for 2.409)
2025-05-27 00:09:17 [http-nio-8080-exec-2] INFO  o.a.c.c.C.[Tomcat].[localhost].[/] - Initializing Spring DispatcherServlet 'dispatcherServlet'
2025-05-27 00:09:17 [http-nio-8080-exec-2] INFO  o.s.web.servlet.DispatcherServlet - Initializing Servlet 'dispatcherServlet'
2025-05-27 00:09:17 [http-nio-8080-exec-2] INFO  o.s.web.servlet.DispatcherServlet - Completed initialization in 1 ms
2025-05-27 00:09:17 [http-nio-8080-exec-2] INFO  b.r.interceptor.LogInterceptor - IN: Request: /users
2025-05-27 00:09:17 [http-nio-8080-exec-2] INFO  b.r.controller.UserCrudController - Fetching all users...
2025-05-27 00:09:17 [http-nio-8080-exec-2] INFO  b.r.service.UserCrudService - Fetching all users.
2025-05-27 00:09:17 [http-nio-8080-exec-2] DEBUG org.hibernate.SQL - 
    select
        u1_0.id,
        u1_0.birth_date,
        u1_0.blood_type,
        u1_0.created_at,
        u1_0.doctor_id,
        u1_0.email,
        u1_0.updated_at,
        u1_0.username 
    from
        medical_assistant.users u1_0
2025-05-27 00:09:17 [http-nio-8080-exec-2] INFO  b.r.service.UserCrudService - Successfully fetched 11 users.
2025-05-27 00:09:17 [http-nio-8080-exec-2] INFO  b.r.controller.UserCrudController - Fetched 11 users.
2025-05-27 00:09:17 [http-nio-8080-exec-2] INFO  by.rublevskaya.mapper.UserMapper - Mapping User entity to UserResponseDto: by.rublevskaya.model.User@625847c9
2025-05-27 00:09:17 [http-nio-8080-exec-2] INFO  by.rublevskaya.mapper.UserMapper - Mapped UserResponseDto: by.rublevskaya.dto.user.UserResponseDto@929ffe9
2025-05-27 00:09:17 [http-nio-8080-exec-2] INFO  by.rublevskaya.mapper.UserMapper - Mapping User entity to UserResponseDto: by.rublevskaya.model.User@bcfb1ad
2025-05-27 00:09:17 [http-nio-8080-exec-2] INFO  by.rublevskaya.mapper.UserMapper - Mapped UserResponseDto: by.rublevskaya.dto.user.UserResponseDto@fba40e5
2025-05-27 00:09:17 [http-nio-8080-exec-2] INFO  by.rublevskaya.mapper.UserMapper - Mapping User entity to UserResponseDto: by.rublevskaya.model.User@34fdbb93
2025-05-27 00:09:17 [http-nio-8080-exec-2] INFO  by.rublevskaya.mapper.UserMapper - Mapped UserResponseDto: by.rublevskaya.dto.user.UserResponseDto@5998074f
2025-05-27 00:09:17 [http-nio-8080-exec-2] INFO  by.rublevskaya.mapper.UserMapper - Mapping User entity to UserResponseDto: by.rublevskaya.model.User@4f76c2a1
2025-05-27 00:09:17 [http-nio-8080-exec-2] INFO  by.rublevskaya.mapper.UserMapper - Mapped UserResponseDto: by.rublevskaya.dto.user.UserResponseDto@70a78bcc
2025-05-27 00:09:17 [http-nio-8080-exec-2] INFO  by.rublevskaya.mapper.UserMapper - Mapping User entity to UserResponseDto: by.rublevskaya.model.User@66e87790
2025-05-27 00:09:17 [http-nio-8080-exec-2] INFO  by.rublevskaya.mapper.UserMapper - Mapped UserResponseDto: by.rublevskaya.dto.user.UserResponseDto@3637f486
2025-05-27 00:09:17 [http-nio-8080-exec-2] INFO  by.rublevskaya.mapper.UserMapper - Mapping User entity to UserResponseDto: by.rublevskaya.model.User@10dcf039
2025-05-27 00:09:17 [http-nio-8080-exec-2] INFO  by.rublevskaya.mapper.UserMapper - Mapped UserResponseDto: by.rublevskaya.dto.user.UserResponseDto@6bd737cd
2025-05-27 00:09:17 [http-nio-8080-exec-2] INFO  by.rublevskaya.mapper.UserMapper - Mapping User entity to UserResponseDto: by.rublevskaya.model.User@49a4e092
2025-05-27 00:09:17 [http-nio-8080-exec-2] INFO  by.rublevskaya.mapper.UserMapper - Mapped UserResponseDto: by.rublevskaya.dto.user.UserResponseDto@726cf787
2025-05-27 00:09:17 [http-nio-8080-exec-2] INFO  by.rublevskaya.mapper.UserMapper - Mapping User entity to UserResponseDto: by.rublevskaya.model.User@30be50cd
2025-05-27 00:09:17 [http-nio-8080-exec-2] INFO  by.rublevskaya.mapper.UserMapper - Mapped UserResponseDto: by.rublevskaya.dto.user.UserResponseDto@3e59fbed
2025-05-27 00:09:17 [http-nio-8080-exec-2] INFO  by.rublevskaya.mapper.UserMapper - Mapping User entity to UserResponseDto: by.rublevskaya.model.User@154fe5bd
2025-05-27 00:09:17 [http-nio-8080-exec-2] INFO  by.rublevskaya.mapper.UserMapper - Mapped UserResponseDto: by.rublevskaya.dto.user.UserResponseDto@37c3ab64
2025-05-27 00:09:17 [http-nio-8080-exec-2] INFO  by.rublevskaya.mapper.UserMapper - Mapping User entity to UserResponseDto: by.rublevskaya.model.User@62658215
2025-05-27 00:09:17 [http-nio-8080-exec-2] INFO  by.rublevskaya.mapper.UserMapper - Mapped UserResponseDto: by.rublevskaya.dto.user.UserResponseDto@65f89b0e
2025-05-27 00:09:17 [http-nio-8080-exec-2] INFO  by.rublevskaya.mapper.UserMapper - Mapping User entity to UserResponseDto: by.rublevskaya.model.User@c2b5ebb
2025-05-27 00:09:17 [http-nio-8080-exec-2] INFO  by.rublevskaya.mapper.UserMapper - Mapped UserResponseDto: by.rublevskaya.dto.user.UserResponseDto@70bd88f9
2025-05-27 00:09:17 [http-nio-8080-exec-2] INFO  b.r.controller.UserCrudController - Mapped users to response DTOs: [by.rublevskaya.dto.user.UserResponseDto@929ffe9, by.rublevskaya.dto.user.UserResponseDto@fba40e5, by.rublevskaya.dto.user.UserResponseDto@5998074f, by.rublevskaya.dto.user.UserResponseDto@70a78bcc, by.rublevskaya.dto.user.UserResponseDto@3637f486, by.rublevskaya.dto.user.UserResponseDto@6bd737cd, by.rublevskaya.dto.user.UserResponseDto@726cf787, by.rublevskaya.dto.user.UserResponseDto@3e59fbed, by.rublevskaya.dto.user.UserResponseDto@37c3ab64, by.rublevskaya.dto.user.UserResponseDto@65f89b0e, by.rublevskaya.dto.user.UserResponseDto@70bd88f9]
2025-05-27 00:09:17 [http-nio-8080-exec-2] INFO  b.r.interceptor.LogInterceptor - OUT: Request: /users
2025-05-27 00:09:17 [http-nio-8080-exec-2] INFO  b.r.interceptor.LogInterceptor - COMPLETED: Request: /users
2025-05-27 00:13:21 [SpringApplicationShutdownHook] INFO  o.s.o.j.LocalContainerEntityManagerFactoryBean - Closing JPA EntityManagerFactory for persistence unit 'default'
2025-05-27 00:13:21 [SpringApplicationShutdownHook] INFO  com.zaxxer.hikari.HikariDataSource - HikariPool-1 - Shutdown initiated...
2025-05-27 00:13:21 [SpringApplicationShutdownHook] INFO  com.zaxxer.hikari.HikariDataSource - HikariPool-1 - Shutdown completed.
